
=== Thu May  8 08:17:47 2025

Packages were changed.
Update Mode: updateDependencies

The following packages were added:
  com.unity.2d.sprite@1.0.0
  com.unity.2d.tilemap@1.0.0
  com.unity.ads@4.4.2
  com.unity.analytics@3.6.12
  com.unity.collab-proxy@2.5.2
  com.unity.ide.rider@3.0.31
  com.unity.ide.visualstudio@2.0.22
  com.unity.ide.vscode@1.2.5
  com.unity.modules.androidjni@1.0.0
  com.unity.purchasing@4.9.3
  com.unity.test-framework@1.1.33
  com.unity.textmeshpro@3.0.6
  com.unity.timeline@1.6.5
  com.unity.ugui@1.0.0
  com.unity.xr.legacyinputhelpers@2.1.11

=== Thu May  8 10:13:34 2025

Packages were changed.
Update Mode: updateDependencies

The following packages were added:
  com.unity.ai.navigation@1.1.3
The following packages were updated:
  com.unity.analytics from version 3.6.12 to 3.8.1
  com.unity.timeline from version 1.6.5 to 1.7.4
